[19:29:14] [INIT] KubeJS 2101.7.2-build.348; MC 2101 NeoForge
[19:29:14] [INIT] Loaded plugins:
[19:29:14] [INIT] - dev.latvian.mods.kubejs.plugin.builtin.BuiltinKubeJSPlugin
[19:29:14] [INIT] - dev.latvian.mods.kubejs.plugin.builtin.BuiltinKubeJSClientPlugin
[19:29:14] [INIT] - dev.latvian.mods.kubejs.integration.architectury.ArchitecturyIntegration
[19:29:14] [INIT] - io.github.mortuusars.exposure.neoforge.integration.kubejs.ExposureKubeJSPlugin
[19:29:14] [INIT] - fr.iglee42.createcasing.kubejs.EncasedKJSPlugin
[19:29:14] [INFO] server_scripts:main.js#2: Hello, World! (Loaded server example script)
[19:29:14] [INFO] Loaded script server_scripts:main.js in 0.005 s
[19:29:14] [INFO] Loaded 1/1 KubeJS server scripts in 0.025 s with 0 errors and 0 warnings
[19:29:16] [INFO] Processing recipes...
[19:29:16] [INFO] Initializing recipe event...
[19:29:16] [WARN] RecipeComponentValue.java#102: Failed to parse recipe 'interiors:crafting/floor_chair/light_blue_floor_chair_from_other_floor_chair[minecraft:crafting_shapeless]' @ [ingredients][1]! Falling back to vanilla: Invalid component ingredients: ingredient[] - Component 'ingredient' is not allowed to be empty!
[19:29:16] [WARN] KubeRecipe.java#89: Failed to parse recipe 'elytratrims:apply_animation_effect[minecraft:smithing_transform]'! Falling back to vanilla: Failed to read required component 'template: ingredient' - java.lang.IllegalStateException: Failed to parse either. First: Item array cannot be empty, at least one item must be defined; Second: Not a JSON object: []
[19:29:16] [WARN] RecipeComponentValue.java#102: Failed to parse recipe 'interiors:crafting/floor_chair/pink_floor_chair_from_other_floor_chair[minecraft:crafting_shapeless]' @ [ingredients][1]! Falling back to vanilla: Invalid component ingredients: ingredient[] - Component 'ingredient' is not allowed to be empty!
[19:29:16] [WARN] RecipeComponentValue.java#102: Failed to parse recipe 'interiors:crafting/chair/yellow_chair_from_other_chair[minecraft:crafting_shapeless]' @ [ingredients][1]! Falling back to vanilla: Invalid component ingredients: ingredient[] - Component 'ingredient' is not allowed to be empty!
[19:29:16] [WARN] KubeRecipe.java#89: Failed to parse recipe 'elytratrims:apply_glow_effect[minecraft:smithing_transform]'! Falling back to vanilla: Failed to read required component 'template: ingredient' - java.lang.IllegalStateException: Failed to parse either. First: Item array cannot be empty, at least one item must be defined; Second: Not a JSON object: []
[19:29:16] [WARN] RecipeComponentValue.java#102: Failed to parse recipe 'interiors:crafting/chair/magenta_chair_from_other_chair[minecraft:crafting_shapeless]' @ [ingredients][1]! Falling back to vanilla: Invalid component ingredients: ingredient[] - Component 'ingredient' is not allowed to be empty!
[19:29:16] [WARN] RecipeComponentValue.java#102: Failed to parse recipe 'interiors:crafting/chair/purple_chair_from_other_chair[minecraft:crafting_shapeless]' @ [ingredients][1]! Falling back to vanilla: Invalid component ingredients: ingredient[] - Component 'ingredient' is not allowed to be empty!
[19:29:16] [WARN] RecipeComponentValue.java#102: Failed to parse recipe 'interiors:crafting/floor_chair/red_floor_chair_from_other_floor_chair[minecraft:crafting_shapeless]' @ [ingredients][1]! Falling back to vanilla: Invalid component ingredients: ingredient[] - Component 'ingredient' is not allowed to be empty!
[19:29:16] [WARN] RecipeComponentValue.java#102: Failed to parse recipe 'interiors:crafting/chair/pink_chair_from_other_chair[minecraft:crafting_shapeless]' @ [ingredients][1]! Falling back to vanilla: Invalid component ingredients: ingredient[] - Component 'ingredient' is not allowed to be empty!
[19:29:16] [WARN] RecipeComponentValue.java#102: Failed to parse recipe 'interiors:crafting/floor_chair/gray_floor_chair_from_other_floor_chair[minecraft:crafting_shapeless]' @ [ingredients][1]! Falling back to vanilla: Invalid component ingredients: ingredient[] - Component 'ingredient' is not allowed to be empty!
[19:29:16] [WARN] RecipeComponentValue.java#102: Failed to parse recipe 'interiors:crafting/floor_chair/purple_floor_chair_from_other_floor_chair[minecraft:crafting_shapeless]' @ [ingredients][1]! Falling back to vanilla: Invalid component ingredients: ingredient[] - Component 'ingredient' is not allowed to be empty!
[19:29:16] [WARN] RecipeComponentValue.java#102: Failed to parse recipe 'interiors:crafting/chair/light_gray_chair_from_other_chair[minecraft:crafting_shapeless]' @ [ingredients][1]! Falling back to vanilla: Invalid component ingredients: ingredient[] - Component 'ingredient' is not allowed to be empty!
[19:29:16] [WARN] RecipeComponentValue.java#102: Failed to parse recipe 'interiors:crafting/floor_chair/black_floor_chair_from_other_floor_chair[minecraft:crafting_shapeless]' @ [ingredients][1]! Falling back to vanilla: Invalid component ingredients: ingredient[] - Component 'ingredient' is not allowed to be empty!
[19:29:16] [WARN] RecipeComponentValue.java#102: Failed to parse recipe 'interiors:crafting/floor_chair/green_floor_chair_from_other_floor_chair[minecraft:crafting_shapeless]' @ [ingredients][1]! Falling back to vanilla: Invalid component ingredients: ingredient[] - Component 'ingredient' is not allowed to be empty!
[19:29:16] [WARN] RecipeComponentValue.java#102: Failed to parse recipe 'interiors:crafting/floor_chair/cyan_floor_chair_from_other_floor_chair[minecraft:crafting_shapeless]' @ [ingredients][1]! Falling back to vanilla: Invalid component ingredients: ingredient[] - Component 'ingredient' is not allowed to be empty!
[19:29:16] [WARN] RecipeComponentValue.java#102: Failed to parse recipe 'interiors:crafting/floor_chair/brown_floor_chair_from_other_floor_chair[minecraft:crafting_shapeless]' @ [ingredients][1]! Falling back to vanilla: Invalid component ingredients: ingredient[] - Component 'ingredient' is not allowed to be empty!
[19:29:16] [WARN] RecipeComponentValue.java#102: Failed to parse recipe 'elytratrims:apply_banner_pattern[minecraft:smithing_transform]'! Falling back to vanilla: Invalid component base: ingredient - Component 'ingredient' is not allowed to be empty!
[19:29:16] [WARN] KubeRecipe.java#89: Failed to parse recipe 'exposuredetective:cyan_ink[minecraft:crafting_shapeless]'! Falling back to vanilla: Failed to read required component 'result: item_stack' - java.lang.IllegalStateException: Unknown registry key in ResourceKey[minecraft:root / minecraft:item]: exposuredetective:cyan_ink
[19:29:16] [WARN] RecipeComponentValue.java#102: Failed to parse recipe 'interiors:crafting/chair/brown_chair_from_other_chair[minecraft:crafting_shapeless]' @ [ingredients][1]! Falling back to vanilla: Invalid component ingredients: ingredient[] - Component 'ingredient' is not allowed to be empty!
[19:29:16] [WARN] RecipeComponentValue.java#102: Failed to parse recipe 'interiors:crafting/chair/orange_chair_from_other_chair[minecraft:crafting_shapeless]' @ [ingredients][1]! Falling back to vanilla: Invalid component ingredients: ingredient[] - Component 'ingredient' is not allowed to be empty!
[19:29:16] [WARN] KubeRecipe.java#89: Failed to parse recipe 'elytratrims:apply_gateway_effect[minecraft:smithing_transform]'! Falling back to vanilla: Failed to read required component 'template: ingredient' - java.lang.IllegalStateException: Failed to parse either. First: Item array cannot be empty, at least one item must be defined; Second: Not a JSON object: []
[19:29:16] [WARN] RecipeComponentValue.java#102: Failed to parse recipe 'interiors:crafting/floor_chair/light_gray_floor_chair_from_other_floor_chair[minecraft:crafting_shapeless]' @ [ingredients][1]! Falling back to vanilla: Invalid component ingredients: ingredient[] - Component 'ingredient' is not allowed to be empty!
[19:29:16] [WARN] KubeRecipe.java#89: Failed to parse recipe 'createdeco:placard[minecraft:crafting_shapeless]'! Falling back to vanilla: Failed to read required component 'ingredients: ingredient[]' - java.lang.IllegalStateException: Failed to parse either. First: Not a json array: {"id":"minecraft:white_dye"}; Second: No key tag in MapLike[{"id":"minecraft:white_dye"}]; No key item in MapLike[{"id":"minecraft:white_dye"}]
[19:29:16] [WARN] RecipeComponentValue.java#102: Failed to parse recipe 'interiors:crafting/floor_chair/orange_floor_chair_from_other_floor_chair[minecraft:crafting_shapeless]' @ [ingredients][1]! Falling back to vanilla: Invalid component ingredients: ingredient[] - Component 'ingredient' is not allowed to be empty!
[19:29:16] [WARN] RecipeComponentValue.java#102: Failed to parse recipe 'interiors:crafting/chair/black_chair_from_other_chair[minecraft:crafting_shapeless]' @ [ingredients][1]! Falling back to vanilla: Invalid component ingredients: ingredient[] - Component 'ingredient' is not allowed to be empty!
[19:29:16] [WARN] RecipeComponentValue.java#102: Failed to parse recipe 'interiors:crafting/chair/light_blue_chair_from_other_chair[minecraft:crafting_shapeless]' @ [ingredients][1]! Falling back to vanilla: Invalid component ingredients: ingredient[] - Component 'ingredient' is not allowed to be empty!
[19:29:16] [WARN] RecipeComponentValue.java#102: Failed to parse recipe 'interiors:crafting/chair/cyan_chair_from_other_chair[minecraft:crafting_shapeless]' @ [ingredients][1]! Falling back to vanilla: Invalid component ingredients: ingredient[] - Component 'ingredient' is not allowed to be empty!
[19:29:16] [WARN] RecipeComponentValue.java#102: Failed to parse recipe 'interiors:crafting/chair/blue_chair_from_other_chair[minecraft:crafting_shapeless]' @ [ingredients][1]! Falling back to vanilla: Invalid component ingredients: ingredient[] - Component 'ingredient' is not allowed to be empty!
[19:29:16] [WARN] RecipeComponentValue.java#102: Failed to parse recipe 'interiors:crafting/chair/lime_chair_from_other_chair[minecraft:crafting_shapeless]' @ [ingredients][1]! Falling back to vanilla: Invalid component ingredients: ingredient[] - Component 'ingredient' is not allowed to be empty!
[19:29:16] [WARN] RecipeComponentValue.java#102: Failed to parse recipe 'interiors:crafting/floor_chair/white_floor_chair_from_other_floor_chair[minecraft:crafting_shapeless]' @ [ingredients][1]! Falling back to vanilla: Invalid component ingredients: ingredient[] - Component 'ingredient' is not allowed to be empty!
[19:29:16] [WARN] RecipeComponentValue.java#102: Failed to parse recipe 'interiors:crafting/floor_chair/blue_floor_chair_from_other_floor_chair[minecraft:crafting_shapeless]' @ [ingredients][1]! Falling back to vanilla: Invalid component ingredients: ingredient[] - Component 'ingredient' is not allowed to be empty!
[19:29:16] [WARN] RecipeComponentValue.java#102: Failed to parse recipe 'interiors:crafting/chair/green_chair_from_other_chair[minecraft:crafting_shapeless]' @ [ingredients][1]! Falling back to vanilla: Invalid component ingredients: ingredient[] - Component 'ingredient' is not allowed to be empty!
[19:29:16] [WARN] RecipeComponentValue.java#102: Failed to parse recipe 'interiors:crafting/chair/gray_chair_from_other_chair[minecraft:crafting_shapeless]' @ [ingredients][1]! Falling back to vanilla: Invalid component ingredients: ingredient[] - Component 'ingredient' is not allowed to be empty!
[19:29:16] [WARN] RecipeComponentValue.java#102: Failed to parse recipe 'interiors:crafting/chair/white_chair_from_other_chair[minecraft:crafting_shapeless]' @ [ingredients][1]! Falling back to vanilla: Invalid component ingredients: ingredient[] - Component 'ingredient' is not allowed to be empty!
[19:29:16] [WARN] RecipeComponentValue.java#102: Failed to parse recipe 'interiors:crafting/chair/red_chair_from_other_chair[minecraft:crafting_shapeless]' @ [ingredients][1]! Falling back to vanilla: Invalid component ingredients: ingredient[] - Component 'ingredient' is not allowed to be empty!
[19:29:16] [WARN] RecipeComponentValue.java#102: Failed to parse recipe 'interiors:crafting/floor_chair/lime_floor_chair_from_other_floor_chair[minecraft:crafting_shapeless]' @ [ingredients][1]! Falling back to vanilla: Invalid component ingredients: ingredient[] - Component 'ingredient' is not allowed to be empty!
[19:29:16] [WARN] RecipeComponentValue.java#102: Failed to parse recipe 'interiors:crafting/floor_chair/magenta_floor_chair_from_other_floor_chair[minecraft:crafting_shapeless]' @ [ingredients][1]! Falling back to vanilla: Invalid component ingredients: ingredient[] - Component 'ingredient' is not allowed to be empty!
[19:29:16] [WARN] RecipeComponentValue.java#102: Failed to parse recipe 'interiors:crafting/floor_chair/yellow_floor_chair_from_other_floor_chair[minecraft:crafting_shapeless]' @ [ingredients][1]! Falling back to vanilla: Invalid component ingredients: ingredient[] - Component 'ingredient' is not allowed to be empty!
[19:29:16] [INFO] Found 9,424 recipes (skipped 679) in 200.4 ms
[19:29:16] [INFO] Posted recipe events in 66 ms
[19:29:16] [INFO] KubeJS modifications to recipe manager finished in 10.43 ms
[19:29:16] [INFO] Added 3 recipes, removed 3 recipes, modified 0 recipes, with 0 failed recipes taking 375 ms in total
[19:29:20] [INFO] Server resource reload complete!
